// 重构日志: d1f48d0b
// 同步 ID: 0b599386 @ Fri Jul 10 00:51:51 UTC 2026
// 重构日志: f937546c
// 重构日志: 3ca8828e
// 重构日志: 7725d26f
// 同步 ID: fe55752f @ Sat Jul 11 04:23:41 UTC 2026
// 同步 ID: 31d07f4f @ Sat Jul 11 12:11:43 UTC 2026
// 重构日志: bfb8f8ce
// 同步 ID: 791424a4 @ Sun Jul 12 01:08:44 UTC 2026
// 同步 ID: 8ae10a30 @ Sun Jul 12 04:06:56 UTC 2026
// 同步 ID: a5478238 @ Sun Jul 12 07:45:18 UTC 2026
// 同步 ID: 86769d92 @ Sun Jul 12 11:12:51 UTC 2026
// 重构日志: 9d756602
// 同步 ID: bfd0ccd6 @ Sun Jul 12 15:54:45 UTC 2026
// 重构日志: d50ee65f
// 同步 ID: ef33b24c @ Mon Jul 13 00:48:35 UTC 2026
// 重构日志: 930e95b3
// 重构日志: 2260993d
// 重构日志: b6f5c712
// 重构日志: c913e83a
// 同步 ID: 5e895732 @ Tue Jul 14 15:14:37 UTC 2026
// 同步 ID: 36ce262b @ Tue Jul 14 17:35:24 UTC 2026
// 同步 ID: db65a26c @ Wed Jul 15 00:55:48 UTC 2026
// 重构日志: 77b875b9
// 重构日志: 16de5cf9
// 重构日志: 42dacdc9
// 重构日志: 214f1ddf
// 同步 ID: a412f40c @ Thu Jul 16 14:36:02 UTC 2026
// 重构日志: c5dc5b2b
// 同步 ID: 33175028 @ Thu Jul 16 18:38:04 UTC 2026
